<?xml version="1.0" encoding="UTF-8"?>
<testng-results ignored="3" total="5" passed="2" failed="0" skipped="0">
  <reporter-output>
  </reporter-output>
  <suite started-at="2024-06-28T08:35:17Z" name="Default suite" finished-at="2024-06-28T08:35:21Z" duration-ms="4020">
    <groups>
    </groups>
    <test started-at="2024-06-28T08:35:17Z" name="Default test" finished-at="2024-06-28T08:35:21Z" duration-ms="4020">
      <class name="rest_assured.posthook_API">
        <test-method signature="deleteHook()[pri:0, instance:rest_assured.posthook_API@36060e]" started-at="2024-06-28T08:35:17Z" name="deleteHook" finished-at="2024-06-28T08:35:20Z" duration-ms="3009" status="PASS">
          <reporter-output>
          </reporter-output>
        </test-method> <!-- deleteHook -->
        <test-method signature="updateHook()[pri:0, instance:rest_assured.posthook_API@36060e]" started-at="2024-06-28T08:35:20Z" name="updateHook" finished-at="2024-06-28T08:35:21Z" duration-ms="973" status="PASS">
          <reporter-output>
          </reporter-output>
        </test-method> <!-- updateHook -->
      </class> <!-- rest_assured.posthook_API -->
    </test> <!-- Default test -->
  </suite> <!-- Default suite -->
</testng-results>
