<?xml version="1.0" encoding="UTF-8"?>
<!-- Generated by org.testng.reporters.JUnitXMLReporter -->
<testsuite ignored="3" hostname="Sulakhe-Family5" failures="0" tests="2" name="Default test" time="4.02" errors="0" timestamp="28 Jun 2024 08:35:21 GMT">
  <testcase classname="rest_assured.posthook_API" name="deleteHook" time="3.009"/>
  <testcase classname="rest_assured.posthook_API" name="updateHook" time="0.973"/>
  <testcase classname="rest_assured.posthook_API" name="getHook" time="0.0">
    <ignored/>
  </testcase> <!-- getHook -->
  <testcase classname="rest_assured.posthook_API" name="grtHooks" time="0.0">
    <ignored/>
  </testcase> <!-- grtHooks -->
  <testcase classname="rest_assured.posthook_API" name="scheduleHook" time="0.0">
    <ignored/>
  </testcase> <!-- scheduleHook -->
</testsuite> <!-- Default test -->
